<?xml version="1.0" encoding="UTF-8"?>
<!-- Generated by org.testng.reporters.JUnitReportReporter -->
<testsuite hostname="Utkarsh" failures="0" tests="1" name="employeemanagement.OrangeHRM.AddEmployeeTest" time="21.887" errors="0" timestamp="2020-08-07T18:18:46 IST" skipped="0">
  <testcase classname="employeemanagement.OrangeHRM.AddEmployeeTest" name="addNewEmployee" time="21.887"/>
  <system-out/>
</testsuite> <!-- employeemanagement.OrangeHRM.AddEmployeeTest -->
