<?xml version="1.0" encoding="UTF-8"?>
<!-- Generated by org.testng.reporters.JUnitReportReporter -->
<testsuite hostname="Utkarsh" failures="0" tests="1" name="employeemanagement.OrangeHRM.LoginTest" time="2.247" errors="0" timestamp="2020-08-07T18:18:46 IST" skipped="0">
  <testcase classname="employeemanagement.OrangeHRM.LoginTest" name="loginPage" time="2.247"/>
  <system-out/>
</testsuite> <!-- employeemanagement.OrangeHRM.LoginTest -->
