<?xml version="1.0" encoding="UTF-8"?>
<!-- Generated by org.testng.reporters.JUnitReportReporter -->
<testsuite hostname="Utkarsh" failures="0" tests="1" name="employeemanagement.OrangeHRM.SearchEmployeeTest" time="15.479" errors="0" timestamp="2020-08-07T18:18:46 IST" skipped="0">
  <testcase classname="employeemanagement.OrangeHRM.SearchEmployeeTest" name="searchemployee" time="15.479"/>
  <system-out/>
</testsuite> <!-- employeemanagement.OrangeHRM.SearchEmployeeTest -->
